0 info it worked if it ends with ok
1 verbose cli [ '/usr/local/bin/node', '/usr/local/bin/npm', 'publish' ]
2 info using npm@1.2.14
3 info using node@v0.10.0
4 verbose publish [ '.' ]
5 verbose read json /Users/tom/Downloads/devel/princetoad/pinyin.js/package.json
6 verbose cache add [ '.', null ]
7 verbose cache add name=undefined spec="." args=[".",null]
8 verbose parsed url { protocol: null,
8 verbose parsed url   slashes: null,
8 verbose parsed url   auth: null,
8 verbose parsed url   host: null,
8 verbose parsed url   port: null,
8 verbose parsed url   hostname: null,
8 verbose parsed url   hash: null,
8 verbose parsed url   search: null,
8 verbose parsed url   query: null,
8 verbose parsed url   pathname: '.',
8 verbose parsed url   path: '.',
8 verbose parsed url   href: '.' }
9 silly lockFile 3a52ce78- .
10 verbose lock . /Users/tom/.npm/3a52ce78-.lock
11 verbose read json package.json
12 verbose tar pack [ '/var/folders/sx/5vn56kxj40g39n7mgcdy_2380000gn/T/npm-3678/1363589612041-0.2587863241788/tmp.tgz',
12 verbose tar pack   '.' ]
13 verbose tarball /var/folders/sx/5vn56kxj40g39n7mgcdy_2380000gn/T/npm-3678/1363589612041-0.2587863241788/tmp.tgz
14 verbose folder .
15 info prepublish pinyin2@2.0.2
16 silly lockFile 3a52ce78- .
17 verbose lock . /Users/tom/.npm/3a52ce78-.lock
18 silly lockFile c14431ad-89612041-0-2587863241788-tmp-tgz /var/folders/sx/5vn56kxj40g39n7mgcdy_2380000gn/T/npm-3678/1363589612041-0.2587863241788/tmp.tgz
19 verbose lock /var/folders/sx/5vn56kxj40g39n7mgcdy_2380000gn/T/npm-3678/1363589612041-0.2587863241788/tmp.tgz /Users/tom/.npm/c14431ad-89612041-0-2587863241788-tmp-tgz.lock
20 silly lockFile 3a52ce78- .
21 silly lockFile 3a52ce78- .
22 silly lockFile c14431ad-89612041-0-2587863241788-tmp-tgz /var/folders/sx/5vn56kxj40g39n7mgcdy_2380000gn/T/npm-3678/1363589612041-0.2587863241788/tmp.tgz
23 silly lockFile c14431ad-89612041-0-2587863241788-tmp-tgz /var/folders/sx/5vn56kxj40g39n7mgcdy_2380000gn/T/npm-3678/1363589612041-0.2587863241788/tmp.tgz
24 verbose tar unpack /var/folders/sx/5vn56kxj40g39n7mgcdy_2380000gn/T/npm-3678/1363589612041-0.2587863241788/tmp.tgz
25 silly lockFile 3a316b35-89612041-0-2587863241788-package /var/folders/sx/5vn56kxj40g39n7mgcdy_2380000gn/T/npm-3678/1363589612041-0.2587863241788/package
26 verbose lock /var/folders/sx/5vn56kxj40g39n7mgcdy_2380000gn/T/npm-3678/1363589612041-0.2587863241788/package /Users/tom/.npm/3a316b35-89612041-0-2587863241788-package.lock
27 silly lockFile c14431ad-89612041-0-2587863241788-tmp-tgz /var/folders/sx/5vn56kxj40g39n7mgcdy_2380000gn/T/npm-3678/1363589612041-0.2587863241788/tmp.tgz
28 verbose lock /var/folders/sx/5vn56kxj40g39n7mgcdy_2380000gn/T/npm-3678/1363589612041-0.2587863241788/tmp.tgz /Users/tom/.npm/c14431ad-89612041-0-2587863241788-tmp-tgz.lock
29 silly gunzTarPerm modes [ '755', '644' ]
30 silly gunzTarPerm extractEntry package.json
31 silly gunzTarPerm extractEntry .npmignore
32 silly gunzTarPerm extractEntry README.md
33 silly gunzTarPerm extractEntry Makefile
34 silly gunzTarPerm extractEntry examples/index.md
35 silly gunzTarPerm extractEntry src/pinyin-dict-combo.js
36 silly gunzTarPerm extractEntry src/pinyin-dict.js
37 silly gunzTarPerm extractEntry src/pinyin.js
38 silly gunzTarPerm extractEntry tests/pinyin-spec.js
39 verbose read json /var/folders/sx/5vn56kxj40g39n7mgcdy_2380000gn/T/npm-3678/1363589612041-0.2587863241788/package/package.json
40 silly lockFile 3a316b35-89612041-0-2587863241788-package /var/folders/sx/5vn56kxj40g39n7mgcdy_2380000gn/T/npm-3678/1363589612041-0.2587863241788/package
41 silly lockFile 3a316b35-89612041-0-2587863241788-package /var/folders/sx/5vn56kxj40g39n7mgcdy_2380000gn/T/npm-3678/1363589612041-0.2587863241788/package
42 silly lockFile c14431ad-89612041-0-2587863241788-tmp-tgz /var/folders/sx/5vn56kxj40g39n7mgcdy_2380000gn/T/npm-3678/1363589612041-0.2587863241788/tmp.tgz
43 silly lockFile c14431ad-89612041-0-2587863241788-tmp-tgz /var/folders/sx/5vn56kxj40g39n7mgcdy_2380000gn/T/npm-3678/1363589612041-0.2587863241788/tmp.tgz
44 verbose from cache /var/folders/sx/5vn56kxj40g39n7mgcdy_2380000gn/T/npm-3678/1363589612041-0.2587863241788/package/package.json
45 verbose tar pack [ '/Users/tom/.npm/pinyin2/2.0.2/package.tgz',
45 verbose tar pack   '/var/folders/sx/5vn56kxj40g39n7mgcdy_2380000gn/T/npm-3678/1363589612041-0.2587863241788/package' ]
46 verbose tarball /Users/tom/.npm/pinyin2/2.0.2/package.tgz
47 verbose folder /var/folders/sx/5vn56kxj40g39n7mgcdy_2380000gn/T/npm-3678/1363589612041-0.2587863241788/package
48 silly lockFile 3a316b35-89612041-0-2587863241788-package /var/folders/sx/5vn56kxj40g39n7mgcdy_2380000gn/T/npm-3678/1363589612041-0.2587863241788/package
49 verbose lock /var/folders/sx/5vn56kxj40g39n7mgcdy_2380000gn/T/npm-3678/1363589612041-0.2587863241788/package /Users/tom/.npm/3a316b35-89612041-0-2587863241788-package.lock
50 silly lockFile e9984f6c-om-npm-pinyin2-2-0-2-package-tgz /Users/tom/.npm/pinyin2/2.0.2/package.tgz
51 verbose lock /Users/tom/.npm/pinyin2/2.0.2/package.tgz /Users/tom/.npm/e9984f6c-om-npm-pinyin2-2-0-2-package-tgz.lock
52 silly lockFile 3a316b35-89612041-0-2587863241788-package /var/folders/sx/5vn56kxj40g39n7mgcdy_2380000gn/T/npm-3678/1363589612041-0.2587863241788/package
53 silly lockFile 3a316b35-89612041-0-2587863241788-package /var/folders/sx/5vn56kxj40g39n7mgcdy_2380000gn/T/npm-3678/1363589612041-0.2587863241788/package
54 silly lockFile e9984f6c-om-npm-pinyin2-2-0-2-package-tgz /Users/tom/.npm/pinyin2/2.0.2/package.tgz
55 silly lockFile e9984f6c-om-npm-pinyin2-2-0-2-package-tgz /Users/tom/.npm/pinyin2/2.0.2/package.tgz
56 silly lockFile 4768f429-rs-tom-npm-pinyin2-2-0-2-package /Users/tom/.npm/pinyin2/2.0.2/package
57 verbose lock /Users/tom/.npm/pinyin2/2.0.2/package /Users/tom/.npm/4768f429-rs-tom-npm-pinyin2-2-0-2-package.lock
58 silly lockFile 4768f429-rs-tom-npm-pinyin2-2-0-2-package /Users/tom/.npm/pinyin2/2.0.2/package
59 silly lockFile 4768f429-rs-tom-npm-pinyin2-2-0-2-package /Users/tom/.npm/pinyin2/2.0.2/package
60 verbose tar unpack /Users/tom/.npm/pinyin2/2.0.2/package.tgz
61 silly lockFile 4768f429-rs-tom-npm-pinyin2-2-0-2-package /Users/tom/.npm/pinyin2/2.0.2/package
62 verbose lock /Users/tom/.npm/pinyin2/2.0.2/package /Users/tom/.npm/4768f429-rs-tom-npm-pinyin2-2-0-2-package.lock
63 silly lockFile e9984f6c-om-npm-pinyin2-2-0-2-package-tgz /Users/tom/.npm/pinyin2/2.0.2/package.tgz
64 verbose lock /Users/tom/.npm/pinyin2/2.0.2/package.tgz /Users/tom/.npm/e9984f6c-om-npm-pinyin2-2-0-2-package-tgz.lock
65 silly gunzTarPerm modes [ '755', '644' ]
66 silly gunzTarPerm extractEntry package.json
67 silly gunzTarPerm extractEntry .npmignore
68 silly gunzTarPerm extractEntry README.md
69 silly gunzTarPerm extractEntry Makefile
70 silly gunzTarPerm extractEntry examples/index.md
71 silly gunzTarPerm extractEntry src/pinyin-dict-combo.js
72 silly gunzTarPerm extractEntry src/pinyin-dict.js
73 silly gunzTarPerm extractEntry src/pinyin.js
74 silly gunzTarPerm extractEntry tests/pinyin-spec.js
75 verbose read json /Users/tom/.npm/pinyin2/2.0.2/package/package.json
76 silly lockFile 4768f429-rs-tom-npm-pinyin2-2-0-2-package /Users/tom/.npm/pinyin2/2.0.2/package
77 silly lockFile 4768f429-rs-tom-npm-pinyin2-2-0-2-package /Users/tom/.npm/pinyin2/2.0.2/package
78 silly lockFile e9984f6c-om-npm-pinyin2-2-0-2-package-tgz /Users/tom/.npm/pinyin2/2.0.2/package.tgz
79 silly lockFile e9984f6c-om-npm-pinyin2-2-0-2-package-tgz /Users/tom/.npm/pinyin2/2.0.2/package.tgz
80 silly shasum updated bytes 65536
81 silly shasum updated bytes 65536
82 silly shasum updated bytes 35587
83 info shasum 401bff3f5837a33b91bbddcddd7e9c5199dd0d8c
83 info shasum /Users/tom/.npm/pinyin2/2.0.2/package.tgz
84 verbose from cache /Users/tom/.npm/pinyin2/2.0.2/package/package.json
85 verbose chmod /Users/tom/.npm/pinyin2/2.0.2/package.tgz 644
86 verbose chown /Users/tom/.npm/pinyin2/2.0.2/package.tgz [ 501, 20 ]
87 silly lockFile 3a52ce78- .
88 silly publish { name: 'pinyin2',
88 silly publish   version: '2.0.2',
88 silly publish   root: 'util',
88 silly publish   description: '转换汉字为拼音',
88 silly publish   keywords: [ '拼音', 'Pinyin' ],
88 silly publish   homepage: 'https://github.com/princetoad/pinyin.js',
88 silly publish   author: { name: '闲耘', email: 'hotoo.cn@gmail.com' },
88 silly publish   repository: { type: 'git', url: 'git@github.com:princetoad/pinyin.js.git' },
88 silly publish   bugs: { url: 'https://github.com/princetoad/pinyin.js/issues' },
88 silly publish   tests: [ 'pinyin' ],
88 silly publish   license: 'BSD',
88 silly publish   output: { 'pinyin.js': '.' },
88 silly publish   readmeFilename: 'README.md',
88 silly publish   gitHead: '175c63dbdc3e2133a7d4ad12b78ce526928e3b0b',
88 silly publish   main: 'pinyin.js',
88 silly publish   directories: { example: 'examples', test: 'tests', src: 'src' },
88 silly publish   scripts: { test: 'echo "Error: no test specified" && exit 1' },
88 silly publish   readme: '# 汉语拼音(pinyin)\n\n---\n\n// 转换中文字符为拼音。\n\n---\n\n## 使用说明\n\n    var pinyin = require("pinyin");\n\n    pinyin("重点");\n    pinyin("重点", {\n      style: pinyin.STYLE_NORMAL,\n      heteronym: true\n    });\n\n## API\n\n### 方法 `<Array> pinyin(words[, options])`\n\n将传入的中文字符(words)转换成拼音符号。\n\noptions 是可选的，可以设定拼音风格，或打开多音字选项。\n\n### 参数 `<Boolean> options.heteronym`\n\n是否启用多音字模式，默认关闭。\n\n关闭多音字模式时，返回每个汉字第一个匹配的拼音。\n\n启用多音字模式时，返回多音字的所有拼音列表。\n\n### 属性 `.STYLE_NORMAL`\n\n普通风格，即不带音标。\n\n如：`pin yin`\n\n### 属性 `.STYLE_TONE`\n\n声调风格，拼音声调在韵母第一个字母上。\n\n如：`pīn yīn`\n\n### 属性 `.STYLE_TONE2`\n\n声调风格2，即拼音声调在各个拼音之后，用数字 [0-4] 进行表示。\n\n如：`pin1 yin1`\n\n### 属性 `.STYLE_INITIALS`\n\n声母风格，只返回各个拼音的声母部分。\n\n如：`p y`\n\n### 属性 `.STYLE_FIRST_LETTER`\n\n首字母风格，只返回拼音的首字母部分。\n',
88 silly publish   _id: 'pinyin2@2.0.2',
88 silly publish   dist: { shasum: '401bff3f5837a33b91bbddcddd7e9c5199dd0d8c' },
88 silly publish   _from: '.' }
89 verbose url raw pinyin2
90 verbose url resolving [ 'https://registry.npmjs.org/', './pinyin2' ]
91 verbose url resolved https://registry.npmjs.org/pinyin2
92 info trying registry request attempt 1 at 14:53:43
93 http PUT https://registry.npmjs.org/pinyin2
94 http 409 https://registry.npmjs.org/pinyin2
95 verbose url raw pinyin2
96 verbose url resolving [ 'https://registry.npmjs.org/', './pinyin2' ]
97 verbose url resolved https://registry.npmjs.org/pinyin2
98 info trying registry request attempt 1 at 14:53:44
99 http GET https://registry.npmjs.org/pinyin2
100 http 200 https://registry.npmjs.org/pinyin2
101 error publish fail Cannot publish over existing version.
101 error publish fail Update the 'version' field in package.json and try again.
101 error publish fail
101 error publish fail If the previous version was published in error, see:
101 error publish fail     npm help unpublish
101 error publish fail
101 error publish fail To automatically increment version numbers, see:
101 error publish fail     npm help version
102 error System Darwin 12.3.0
103 error command "/usr/local/bin/node" "/usr/local/bin/npm" "publish"
104 error cwd /Users/tom/Downloads/devel/princetoad/pinyin.js
105 error node -v v0.10.0
106 error npm -v 1.2.14
107 error code EPUBLISHCONFLICT
108 verbose exit [ 1, true ]
